2025-07-19 20:48:35,273 INFO o.a.j.u.JMeterUtils: Setting Locale to en_US
2025-07-19 20:48:35,301 INFO o.a.j.JMeter: Loading user properties from: user.properties
2025-07-19 20:48:35,302 INFO o.a.j.JMeter: Loading system properties from: system.properties
2025-07-19 20:48:35,303 INFO o.a.j.JMeter: Loading additional properties from: C:\Users\asus\Downloads\apache-jmeter-5.6.3\apache-jmeter-5.6.3\bin\user.properties
2025-07-19 20:48:35,312 INFO o.a.j.JMeter: Copyright (c) 1998-2024 The Apache Software Foundation
2025-07-19 20:48:35,312 INFO o.a.j.JMeter: Version 5.6.3
2025-07-19 20:48:35,312 INFO o.a.j.JMeter: java.version=21.0.1
2025-07-19 20:48:35,312 INFO o.a.j.JMeter: java.vm.name=Java HotSpot(TM) 64-Bit Server VM
2025-07-19 20:48:35,312 INFO o.a.j.JMeter: os.name=Windows 10
2025-07-19 20:48:35,313 INFO o.a.j.JMeter: os.arch=amd64
2025-07-19 20:48:35,313 INFO o.a.j.JMeter: os.version=10.0
2025-07-19 20:48:35,313 INFO o.a.j.JMeter: file.encoding=UTF-8
2025-07-19 20:48:35,313 INFO o.a.j.JMeter: java.awt.headless=true
2025-07-19 20:48:35,313 INFO o.a.j.JMeter: Max memory     =3191865344
2025-07-19 20:48:35,313 INFO o.a.j.JMeter: Available Processors =4
2025-07-19 20:48:35,326 INFO o.a.j.JMeter: Default Locale=English (United States)
2025-07-19 20:48:35,326 INFO o.a.j.JMeter: JMeter  Locale=English (United States)
2025-07-19 20:48:35,326 INFO o.a.j.JMeter: JMeterHome=C:\Users\asus\Downloads\apache-jmeter-5.6.3\apache-jmeter-5.6.3
2025-07-19 20:48:35,326 INFO o.a.j.JMeter: user.dir  =C:\Users\asus\Downloads\apache-jmeter-5.6.3\apache-jmeter-5.6.3\bin
2025-07-19 20:48:35,327 INFO o.a.j.JMeter: PWD       =C:\Users\asus\Downloads\apache-jmeter-5.6.3\apache-jmeter-5.6.3\bin
2025-07-19 20:48:35,328 INFO o.a.j.JMeter: IP: 192.168.29.149 Name: DESKTOP-CT71054 FullName: DESKTOP-CT71054
2025-07-19 20:48:35,348 INFO o.a.j.JMeter: Setting property 'jmeter.reportgenerator.outputdir' to:'D:\JMeter Project\Report\Report3'
2025-07-19 20:48:35,352 INFO o.a.j.r.d.ReportGenerator: ReportGenerator will use for Parsing the separator: ','
2025-07-19 20:48:35,353 INFO o.a.j.r.d.ReportGenerator: Will only generate report from results file: D:\JMeter Project\Result\result2.csv
2025-07-19 20:48:35,353 INFO o.a.j.r.d.ReportGenerator: Reading report generator properties from: C:\Users\asus\Downloads\apache-jmeter-5.6.3\apache-jmeter-5.6.3\bin\reportgenerator.properties
2025-07-19 20:48:35,354 INFO o.a.j.r.d.ReportGenerator: Merging with JMeter properties
2025-07-19 20:48:35,361 INFO o.a.j.r.c.ReportGeneratorConfiguration: Property 'jmeter.reportgenerator.temp_dir' not found, using default value 'temp' instead.
2025-07-19 20:48:35,365 INFO o.a.j.r.c.ReportGeneratorConfiguration: Property 'jmeter.reportgenerator.apdex_per_transaction' not found, using default value 'null' instead.
2025-07-19 20:48:35,381 INFO o.a.j.r.c.ReportGeneratorConfiguration: apdex_per_transaction is empty, not APDEX per transaction customization
2025-07-19 20:48:35,381 INFO o.a.j.r.c.ReportGeneratorConfiguration: Property 'jmeter.reportgenerator.sample_filter' not found, using default value 'null' instead.
2025-07-19 20:48:35,382 INFO o.a.j.r.c.ReportGeneratorConfiguration: Property 'jmeter.reportgenerator.report_title' not found, using default value 'null' instead.
2025-07-19 20:48:35,382 INFO o.a.j.r.c.ReportGeneratorConfiguration: Property 'jmeter.reportgenerator.start_date' not found, using default value 'null' instead.
2025-07-19 20:48:35,382 INFO o.a.j.r.c.ReportGeneratorConfiguration: Property 'jmeter.reportgenerator.end_date' not found, using default value 'null' instead.
2025-07-19 20:48:35,382 INFO o.a.j.r.c.ReportGeneratorConfiguration: Property 'jmeter.reportgenerator.date_format' not found, using default value 'null' instead.
2025-07-19 20:48:35,390 INFO o.a.j.r.c.ReportGeneratorConfiguration: Will use date range start date: null, end date: null
2025-07-19 20:48:35,397 INFO o.a.j.r.c.ReportGeneratorConfiguration: Property 'jmeter.reportgenerator.graph.totalTPS.exclude_controllers' not found, using default value 'false' instead.
2025-07-19 20:48:35,398 INFO o.a.j.r.c.ReportGeneratorConfiguration: Property 'jmeter.reportgenerator.graph.activeThreadsOverTime.exclude_controllers' not found, using default value 'false' instead.
2025-07-19 20:48:35,398 INFO o.a.j.r.c.ReportGeneratorConfiguration: Property 'jmeter.reportgenerator.graph.timeVsThreads.exclude_controllers' not found, using default value 'false' instead.
2025-07-19 20:48:35,398 INFO o.a.j.r.c.ReportGeneratorConfiguration: Property 'jmeter.reportgenerator.graph.responseTimeDistribution.exclude_controllers' not found, using default value 'false' instead.
2025-07-19 20:48:35,398 INFO o.a.j.r.c.ReportGeneratorConfiguration: Property 'jmeter.reportgenerator.graph.transactionsPerSecond.exclude_controllers' not found, using default value 'false' instead.
2025-07-19 20:48:35,399 INFO o.a.j.r.c.ReportGeneratorConfiguration: Property 'jmeter.reportgenerator.graph.responseTimePercentiles.exclude_controllers' not found, using default value 'false' instead.
2025-07-19 20:48:35,399 INFO o.a.j.r.c.ReportGeneratorConfiguration: Property 'jmeter.reportgenerator.graph.responseTimePercentilesOverTime.exclude_controllers' not found, using default value 'false' instead.
2025-07-19 20:48:35,399 INFO o.a.j.r.c.ReportGeneratorConfiguration: Property 'jmeter.reportgenerator.graph.responseTimesOverTime.exclude_controllers' not found, using default value 'false' instead.
2025-07-19 20:48:35,399 INFO o.a.j.r.c.ReportGeneratorConfiguration: Property 'jmeter.reportgenerator.graph.connectTimeOverTime.exclude_controllers' not found, using default value 'false' instead.
2025-07-19 20:48:35,400 INFO o.a.j.r.c.ReportGeneratorConfiguration: Property 'jmeter.reportgenerator.graph.latenciesOverTime.exclude_controllers' not found, using default value 'false' instead.
2025-07-19 20:48:35,401 INFO o.a.j.r.c.ReportGeneratorConfiguration: Property 'jmeter.reportgenerator.exporter.json.filters_only_sample_series' not found, using default value 'true' instead.
2025-07-19 20:48:35,401 INFO o.a.j.r.c.ReportGeneratorConfiguration: Property 'jmeter.reportgenerator.exporter.json.series_filter' not found, using default value '' instead.
2025-07-19 20:48:35,401 INFO o.a.j.r.c.ReportGeneratorConfiguration: Property 'jmeter.reportgenerator.exporter.json.show_controllers_only' not found, using default value 'false' instead.
2025-07-19 20:48:35,401 INFO o.a.j.r.c.ReportGeneratorConfiguration: Property 'jmeter.reportgenerator.exporter.html.filters_only_sample_series' not found, using default value 'true' instead.
2025-07-19 20:48:35,402 INFO o.a.j.r.c.ReportGeneratorConfiguration: Property 'jmeter.reportgenerator.exporter.html.series_filter' not found, using default value '' instead.
2025-07-19 20:48:35,402 INFO o.a.j.r.c.ReportGeneratorConfiguration: Property 'jmeter.reportgenerator.exporter.html.show_controllers_only' not found, using default value 'false' instead.
2025-07-19 20:48:35,666 INFO o.a.j.s.SaveService: Testplan (JMX) version: 2.2. Testlog (JTL) version: 2.2
2025-07-19 20:48:35,713 INFO o.a.j.s.SaveService: Using SaveService properties version 5.0
2025-07-19 20:48:35,718 INFO o.a.j.s.SaveService: Using SaveService properties file encoding UTF-8
2025-07-19 20:48:35,738 WARN o.a.j.s.CSVSaveService: Unknown column name 1752938061638
2025-07-19 20:48:35,745 WARN o.a.j.r.c.CsvSampleReader: File 'D:\JMeter Project\Result\result2.csv' does not contain the field names header, ensure the jmeter.save.saveservice.* properties are the same as when the CSV file was created or the file may be read incorrectly when generating report
2025-07-19 20:48:35,749 INFO o.a.j.r.p.NormalizerSampleConsumer: Using format, 'ms', to parse timeStamp field
2025-07-19 20:48:35,833 INFO o.a.j.r.p.AbstractSampleConsumer: class org.apache.jmeter.report.processor.AggregateConsumer#stopProducing(): beginDate produced 0 samples
2025-07-19 20:48:35,833 INFO o.a.j.r.p.AbstractSampleConsumer: class org.apache.jmeter.report.processor.AggregateConsumer#stopProducing(): endDate produced 0 samples
2025-07-19 20:48:35,836 INFO o.a.j.r.p.AbstractSampleConsumer: class org.apache.jmeter.report.processor.ApdexSummaryConsumer#stopProducing(): apdexSummary produced 0 samples
2025-07-19 20:48:35,836 INFO o.a.j.r.p.AbstractSampleConsumer: class org.apache.jmeter.report.processor.RequestsSummaryConsumer#stopProducing(): requestsSummary produced 0 samples
2025-07-19 20:48:35,843 INFO o.a.j.r.p.AbstractSampleConsumer: class org.apache.jmeter.report.processor.StatisticsSummaryConsumer#stopProducing(): statisticsSummary produced 0 samples
2025-07-19 20:48:35,846 INFO o.a.j.r.p.AbstractSampleConsumer: class org.apache.jmeter.report.processor.Top5ErrorsBySamplerConsumer#stopProducing(): top5ErrorsBySampler produced 0 samples
2025-07-19 20:48:35,846 INFO o.a.j.r.p.AbstractSampleConsumer: class org.apache.jmeter.report.processor.ErrorsSummaryConsumer#stopProducing(): errorsSummary produced 0 samples
2025-07-19 20:48:35,846 INFO o.a.j.r.p.AbstractSampleConsumer: class org.apache.jmeter.report.processor.graph.impl.HitsPerSecondGraphConsumer#stopProducing(): hitsPerSecond produced 0 samples
2025-07-19 20:48:35,866 INFO o.a.j.r.p.AbstractSampleConsumer: class org.apache.jmeter.report.processor.graph.impl.LatencyVSRequestGraphConsumer#stopProducing(): latencyVsRequest produced 0 samples
2025-07-19 20:48:35,866 INFO o.a.j.r.p.AbstractSampleConsumer: class org.apache.jmeter.report.processor.graph.impl.SyntheticResponseTimeDistributionGraphConsumer#stopProducing(): syntheticResponseTimeDistribution produced 0 samples
2025-07-19 20:48:35,867 INFO o.a.j.r.p.AbstractSampleConsumer: class org.apache.jmeter.report.processor.graph.impl.BytesThroughputGraphConsumer#stopProducing(): bytesThroughputOverTime produced 0 samples
2025-07-19 20:48:35,867 INFO o.a.j.r.p.AbstractSampleConsumer: class org.apache.jmeter.report.processor.graph.impl.CodesPerSecondGraphConsumer#stopProducing(): codesPerSecond produced 0 samples
2025-07-19 20:48:35,870 INFO o.a.j.r.p.AbstractSampleConsumer: class org.apache.jmeter.report.processor.graph.impl.ResponseTimeVSRequestGraphConsumer#stopProducing(): responseTimeVsRequest produced 0 samples
2025-07-19 20:48:35,870 INFO o.a.j.r.p.AbstractSampleConsumer: class org.apache.jmeter.report.processor.FilterConsumer#stopProducing(): startIntervalControlerFilter produced 21 samples
2025-07-19 20:48:35,871 INFO o.a.j.r.p.AbstractSampleConsumer: class org.apache.jmeter.report.processor.graph.impl.TotalTPSGraphConsumer#stopProducing(): totalTPS produced 0 samples
2025-07-19 20:48:35,871 INFO o.a.j.r.p.AbstractSampleConsumer: class org.apache.jmeter.report.processor.graph.impl.ActiveThreadsGraphConsumer#stopProducing(): activeThreadsOverTime produced 0 samples
2025-07-19 20:48:35,871 INFO o.a.j.r.p.AbstractSampleConsumer: class org.apache.jmeter.report.processor.graph.impl.TimeVSThreadGraphConsumer#stopProducing(): timeVsThreads produced 0 samples
2025-07-19 20:48:35,871 INFO o.a.j.r.p.AbstractSampleConsumer: class org.apache.jmeter.report.processor.graph.impl.ResponseTimeDistributionGraphConsumer#stopProducing(): responseTimeDistribution produced 0 samples
2025-07-19 20:48:35,871 INFO o.a.j.r.p.AbstractSampleConsumer: class org.apache.jmeter.report.processor.graph.impl.TransactionsPerSecondGraphConsumer#stopProducing(): transactionsPerSecond produced 0 samples
2025-07-19 20:48:35,871 INFO o.a.j.r.p.AbstractSampleConsumer: class org.apache.jmeter.report.processor.graph.impl.ResponseTimePercentilesGraphConsumer#stopProducing(): responseTimePercentiles produced 0 samples
2025-07-19 20:48:35,873 INFO o.a.j.r.p.AbstractSampleConsumer: class org.apache.jmeter.report.processor.graph.impl.ResponseTimePercentilesOverTimeGraphConsumer#stopProducing(): responseTimePercentilesOverTime produced 0 samples
2025-07-19 20:48:35,873 INFO o.a.j.r.p.AbstractSampleConsumer: class org.apache.jmeter.report.processor.graph.impl.ResponseTimeOverTimeGraphConsumer#stopProducing(): responseTimesOverTime produced 0 samples
2025-07-19 20:48:35,874 INFO o.a.j.r.p.AbstractSampleConsumer: class org.apache.jmeter.report.processor.graph.impl.ConnectTimeOverTimeGraphConsumer#stopProducing(): connectTimeOverTime produced 0 samples
2025-07-19 20:48:35,874 INFO o.a.j.r.p.AbstractSampleConsumer: class org.apache.jmeter.report.processor.graph.impl.LatencyOverTimeGraphConsumer#stopProducing(): latenciesOverTime produced 0 samples
2025-07-19 20:48:35,874 INFO o.a.j.r.p.AbstractSampleConsumer: class org.apache.jmeter.report.processor.FilterConsumer#stopProducing(): nameFilter produced 45 samples
2025-07-19 20:48:35,874 INFO o.a.j.r.p.AbstractSampleConsumer: class org.apache.jmeter.report.processor.FilterConsumer#stopProducing(): dateRangeFilter produced 9 samples
2025-07-19 20:48:35,874 INFO o.a.j.r.p.AbstractSampleConsumer: class org.apache.jmeter.report.processor.NormalizerSampleConsumer#stopProducing(): normalizer produced 3 samples
2025-07-19 20:48:35,875 INFO o.a.j.r.p.CsvFileSampleSource: produce(): 3 samples produced in 92ms on channel 0
2025-07-19 20:48:35,875 INFO o.a.j.r.d.ReportGenerator: Exporting data using exporter:'json' of className:'org.apache.jmeter.report.dashboard.JsonExporter'
2025-07-19 20:48:35,962 INFO o.a.j.r.d.JsonExporter: Found data for consumer statisticsSummary in context
2025-07-19 20:48:35,962 INFO o.a.j.r.d.JsonExporter: Creating statistics for overall
2025-07-19 20:48:35,963 INFO o.a.j.r.d.JsonExporter: Creating statistics for other transactions
2025-07-19 20:48:35,963 INFO o.a.j.r.d.JsonExporter: Checking output folder
2025-07-19 20:48:35,963 INFO o.a.j.r.d.JsonExporter: Writing statistics JSON to D:\JMeter Project\Report\Report3\statistics.json
2025-07-19 20:48:36,012 INFO o.a.j.r.d.ReportGenerator: Exporting data using exporter:'html' of className:'org.apache.jmeter.report.dashboard.HtmlTemplateExporter'
2025-07-19 20:48:36,014 INFO o.a.j.r.d.HtmlTemplateExporter: Will generate dashboard in folder: D:\JMeter Project\Report\Report3
2025-07-19 20:48:36,224 INFO o.a.j.r.d.HtmlTemplateExporter: Report will be generated in: D:\JMeter Project\Report\Report3, creating folder structure
2025-07-19 20:48:36,227 INFO o.a.j.r.d.TemplateVisitor: Copying folder from 'C:\Users\asus\Downloads\apache-jmeter-5.6.3\apache-jmeter-5.6.3\bin\report-template' to 'D:\JMeter Project\Report\Report3', got message: D:\JMeter Project\Report\Report3, found non empty folder with following content [D:\JMeter Project\Report\Report3\statistics.json], will be ignored
