2025-07-26 13:48:37,433 INFO o.a.j.u.JMeterUtils: Setting Locale to en_US
2025-07-26 13:48:37,449 INFO o.a.j.JMeter: Loading user properties from: user.properties
2025-07-26 13:48:37,449 INFO o.a.j.JMeter: Loading system properties from: system.properties
2025-07-26 13:48:37,464 INFO o.a.j.JMeter: Copyright (c) 1998-2024 The Apache Software Foundation
2025-07-26 13:48:37,464 INFO o.a.j.JMeter: Version 5.6.3
2025-07-26 13:48:37,464 INFO o.a.j.JMeter: java.version=21.0.1
2025-07-26 13:48:37,464 INFO o.a.j.JMeter: java.vm.name=Java HotSpot(TM) 64-Bit Server VM
2025-07-26 13:48:37,464 INFO o.a.j.JMeter: os.name=Windows 10
2025-07-26 13:48:37,464 INFO o.a.j.JMeter: os.arch=amd64
2025-07-26 13:48:37,464 INFO o.a.j.JMeter: os.version=10.0
2025-07-26 13:48:37,464 INFO o.a.j.JMeter: file.encoding=UTF-8
2025-07-26 13:48:37,464 INFO o.a.j.JMeter: java.awt.headless=null
2025-07-26 13:48:37,464 INFO o.a.j.JMeter: Max memory     =3191865344
2025-07-26 13:48:37,464 INFO o.a.j.JMeter: Available Processors =4
2025-07-26 13:48:37,480 INFO o.a.j.JMeter: Default Locale=English (United States)
2025-07-26 13:48:37,480 INFO o.a.j.JMeter: JMeter  Locale=English (United States)
2025-07-26 13:48:37,480 INFO o.a.j.JMeter: JMeterHome=D:\JMeter Project\apache-jmeter-5.6.3\apache-jmeter-5.6.3
2025-07-26 13:48:37,480 INFO o.a.j.JMeter: user.dir  =D:\JMeter Project\apache-jmeter-5.6.3\apache-jmeter-5.6.3\bin
2025-07-26 13:48:37,480 INFO o.a.j.JMeter: PWD       =D:\JMeter Project\apache-jmeter-5.6.3\apache-jmeter-5.6.3\bin
2025-07-26 13:48:37,480 INFO o.a.j.JMeter: IP: 192.168.29.149 Name: DESKTOP-CT71054 FullName: DESKTOP-CT71054
2025-07-26 13:48:37,496 INFO o.a.j.JMeter: Loaded icon properties from org/apache/jmeter/images/icon.properties
2025-07-26 13:48:37,702 INFO o.a.j.JMeterGuiLauncher: Setting LAF to: com.github.weisj.darklaf.DarkLaf:com.github.weisj.darklaf.theme.DarculaTheme
2025-07-26 13:48:39,013 INFO o.a.j.r.ClassFinder: Will scan jar D:\JMeter Project\apache-jmeter-5.6.3\apache-jmeter-5.6.3\lib\ext\jmeter-plugins-graphs-additional-2.0.jar with filter ExtendsClassFilter [parents=[interface org.apache.jmeter.gui.action.Command], inner=false, contains=null, notContains=null]. Consider exposing JMeter plugins via META-INF/services, and add JMeter-Skip-Class-Scanning=true manifest attribute so JMeter can skip classfile scanning
2025-07-26 13:48:39,029 INFO o.a.j.r.ClassFinder: Will scan jar D:\JMeter Project\apache-jmeter-5.6.3\apache-jmeter-5.6.3\lib\ext\jmeter-plugins-graphs-basic-2.0.jar with filter ExtendsClassFilter [parents=[interface org.apache.jmeter.gui.action.Command], inner=false, contains=null, notContains=null]. Consider exposing JMeter plugins via META-INF/services, and add JMeter-Skip-Class-Scanning=true manifest attribute so JMeter can skip classfile scanning
2025-07-26 13:48:39,029 INFO o.a.j.r.ClassFinder: Will scan jar D:\JMeter Project\apache-jmeter-5.6.3\apache-jmeter-5.6.3\lib\ext\jmeter-plugins-manager-1.11.jar with filter ExtendsClassFilter [parents=[interface org.apache.jmeter.gui.action.Command], inner=false, contains=null, notContains=null]. Consider exposing JMeter plugins via META-INF/services, and add JMeter-Skip-Class-Scanning=true manifest attribute so JMeter can skip classfile scanning
2025-07-26 13:48:39,169 INFO o.a.j.r.ClassFinder: Will scan jar D:\JMeter Project\apache-jmeter-5.6.3\apache-jmeter-5.6.3\lib\ext\jmeter-plugins-graphs-ggl-2.0.jar with filter ExtendsClassFilter [parents=[interface org.apache.jmeter.gui.action.Command], inner=false, contains=null, notContains=null]. Consider exposing JMeter plugins via META-INF/services, and add JMeter-Skip-Class-Scanning=true manifest attribute so JMeter can skip classfile scanning
2025-07-26 13:48:39,169 INFO o.a.j.r.ClassFinder: Will scan jar D:\JMeter Project\apache-jmeter-5.6.3\apache-jmeter-5.6.3\lib\ext\jmeter-plugins-casutg-3.1.1.jar with filter ExtendsClassFilter [parents=[interface org.apache.jmeter.gui.action.Command], inner=false, contains=null, notContains=null]. Consider exposing JMeter plugins via META-INF/services, and add JMeter-Skip-Class-Scanning=true manifest attribute so JMeter can skip classfile scanning
2025-07-26 13:48:39,185 INFO o.a.j.r.ClassFinder: Will scan jar D:\JMeter Project\apache-jmeter-5.6.3\apache-jmeter-5.6.3\lib\ext\har-convertor-jmeter-plugin-7.1-jar-with-dependencies.jar with filter ExtendsClassFilter [parents=[interface org.apache.jmeter.gui.action.Command], inner=false, contains=null, notContains=null]. Consider exposing JMeter plugins via META-INF/services, and add JMeter-Skip-Class-Scanning=true manifest attribute so JMeter can skip classfile scanning
2025-07-26 13:48:39,575 INFO o.a.j.r.ClassFinder: Will scan jar D:\JMeter Project\apache-jmeter-5.6.3\apache-jmeter-5.6.3\lib\ext\jmeter-plugins-cmd-2.2.jar with filter ExtendsClassFilter [parents=[interface org.apache.jmeter.gui.action.Command], inner=false, contains=null, notContains=null]. Consider exposing JMeter plugins via META-INF/services, and add JMeter-Skip-Class-Scanning=true manifest attribute so JMeter can skip classfile scanning
2025-07-26 13:48:39,653 INFO o.a.j.r.ClassFinder: Will scan jar D:\JMeter Project\apache-jmeter-5.6.3\apache-jmeter-5.6.3\lib\ext\jmeter-plugins-graphs-additional-2.0.jar with filter ExtendsClassFilter [parents=[interface org.apache.jmeter.gui.plugin.MenuCreator], inner=false, contains=null, notContains=null]. Consider exposing JMeter plugins via META-INF/services, and add JMeter-Skip-Class-Scanning=true manifest attribute so JMeter can skip classfile scanning
2025-07-26 13:48:39,653 INFO o.a.j.r.ClassFinder: Will scan jar D:\JMeter Project\apache-jmeter-5.6.3\apache-jmeter-5.6.3\lib\ext\jmeter-plugins-graphs-basic-2.0.jar with filter ExtendsClassFilter [parents=[interface org.apache.jmeter.gui.plugin.MenuCreator], inner=false, contains=null, notContains=null]. Consider exposing JMeter plugins via META-INF/services, and add JMeter-Skip-Class-Scanning=true manifest attribute so JMeter can skip classfile scanning
2025-07-26 13:48:39,653 INFO o.a.j.r.ClassFinder: Will scan jar D:\JMeter Project\apache-jmeter-5.6.3\apache-jmeter-5.6.3\lib\ext\jmeter-plugins-manager-1.11.jar with filter ExtendsClassFilter [parents=[interface org.apache.jmeter.gui.plugin.MenuCreator], inner=false, contains=null, notContains=null]. Consider exposing JMeter plugins via META-INF/services, and add JMeter-Skip-Class-Scanning=true manifest attribute so JMeter can skip classfile scanning
2025-07-26 13:48:39,653 INFO o.a.j.r.ClassFinder: Will scan jar D:\JMeter Project\apache-jmeter-5.6.3\apache-jmeter-5.6.3\lib\ext\jmeter-plugins-graphs-ggl-2.0.jar with filter ExtendsClassFilter [parents=[interface org.apache.jmeter.gui.plugin.MenuCreator], inner=false, contains=null, notContains=null]. Consider exposing JMeter plugins via META-INF/services, and add JMeter-Skip-Class-Scanning=true manifest attribute so JMeter can skip classfile scanning
2025-07-26 13:48:39,669 INFO o.a.j.r.ClassFinder: Will scan jar D:\JMeter Project\apache-jmeter-5.6.3\apache-jmeter-5.6.3\lib\ext\jmeter-plugins-casutg-3.1.1.jar with filter ExtendsClassFilter [parents=[interface org.apache.jmeter.gui.plugin.MenuCreator], inner=false, contains=null, notContains=null]. Consider exposing JMeter plugins via META-INF/services, and add JMeter-Skip-Class-Scanning=true manifest attribute so JMeter can skip classfile scanning
2025-07-26 13:48:39,669 INFO o.a.j.r.ClassFinder: Will scan jar D:\JMeter Project\apache-jmeter-5.6.3\apache-jmeter-5.6.3\lib\ext\har-convertor-jmeter-plugin-7.1-jar-with-dependencies.jar with filter ExtendsClassFilter [parents=[interface org.apache.jmeter.gui.plugin.MenuCreator], inner=false, contains=null, notContains=null]. Consider exposing JMeter plugins via META-INF/services, and add JMeter-Skip-Class-Scanning=true manifest attribute so JMeter can skip classfile scanning
2025-07-26 13:48:39,669 INFO o.a.j.r.ClassFinder: Will scan jar D:\JMeter Project\apache-jmeter-5.6.3\apache-jmeter-5.6.3\lib\ext\jmeter-plugins-cmd-2.2.jar with filter ExtendsClassFilter [parents=[interface org.apache.jmeter.gui.plugin.MenuCreator], inner=false, contains=null, notContains=null]. Consider exposing JMeter plugins via META-INF/services, and add JMeter-Skip-Class-Scanning=true manifest attribute so JMeter can skip classfile scanning
2025-07-26 13:48:39,862 INFO o.j.r.JARSourceHTTP: Found cached repo
2025-07-26 13:48:40,274 INFO o.j.r.PluginManager: Plugins Status: [jpgc-graphs-basic=2.0, jpgc-graphs-additional=2.0, jpgc-cmd=2.2, jpgc-casutg=3.1.1, jpgc-ggl=2.0, jpgc-plugins-manager=1.11, jmeter-core=5.6.3, jmeter-ftp=5.6.3, jmeter-http=5.6.3, jmeter-jdbc=5.6.3, jmeter-jms=5.6.3, jmeter-junit=5.6.3, jmeter-java=5.6.3, jmeter-ldap=5.6.3, jmeter-mail=5.6.3, jmeter-mongodb=5.6.3, jmeter-native=5.6.3, jmeter-tcp=5.6.3, jmeter-components=5.6.3, vdn-har-convertor-jmeter-tool=7.1]
2025-07-26 13:48:59,968 INFO o.a.j.s.FileServer: Default base='D:\JMeter Project\apache-jmeter-5.6.3\apache-jmeter-5.6.3\bin'
2025-07-26 13:48:59,984 INFO o.a.j.g.a.Load: Loading file: D:\JMeter Project\Test Scripts\Test Plan - JpetStore Project.jmx
2025-07-26 13:48:59,984 INFO o.a.j.s.FileServer: Set new base='D:\JMeter Project\Test Scripts'
2025-07-26 13:49:00,249 INFO o.a.j.s.SaveService: Testplan (JMX) version: 2.2. Testlog (JTL) version: 2.2
2025-07-26 13:49:00,265 INFO o.a.j.s.SaveService: Using SaveService properties version 5.0
2025-07-26 13:49:00,265 INFO o.a.j.s.SaveService: Using SaveService properties file encoding UTF-8
2025-07-26 13:49:00,265 INFO o.a.j.s.SaveService: Loading file: D:\JMeter Project\Test Scripts\Test Plan - JpetStore Project.jmx
2025-07-26 13:49:00,687 INFO o.a.j.p.h.c.CookieManager: Settings: Delete null: true Check: true Allow variable: true Save: false Prefix: COOKIE_
2025-07-26 13:49:00,687 INFO o.a.j.p.h.s.HTTPSamplerBase: Parser for text/html is org.apache.jmeter.protocol.http.parser.LagartoBasedHtmlParser
2025-07-26 13:49:00,687 INFO o.a.j.p.h.s.HTTPSamplerBase: Parser for application/xhtml+xml is org.apache.jmeter.protocol.http.parser.LagartoBasedHtmlParser
2025-07-26 13:49:00,687 INFO o.a.j.p.h.s.HTTPSamplerBase: Parser for application/xml is org.apache.jmeter.protocol.http.parser.LagartoBasedHtmlParser
2025-07-26 13:49:00,687 INFO o.a.j.p.h.s.HTTPSamplerBase: Parser for text/xml is org.apache.jmeter.protocol.http.parser.LagartoBasedHtmlParser
2025-07-26 13:49:00,687 INFO o.a.j.p.h.s.HTTPSamplerBase: Parser for text/vnd.wap.wml is org.apache.jmeter.protocol.http.parser.RegexpHTMLParser
2025-07-26 13:49:00,687 INFO o.a.j.p.h.s.HTTPSamplerBase: Parser for text/css is org.apache.jmeter.protocol.http.parser.CssParser
2025-07-26 13:49:01,077 INFO o.a.j.e.KeyToolUtils: keytool found at 'keytool'
2025-07-26 13:49:01,077 INFO o.a.j.p.h.p.ProxyControl: HTTP(S) Test Script Recorder SSL Proxy will use keys that support embedded 3rd party resources in file D:\JMeter Project\apache-jmeter-5.6.3\apache-jmeter-5.6.3\bin\proxyserver.jks
2025-07-26 13:49:01,530 INFO o.a.j.e.u.CompoundVariable: Note: Function class names must contain the string: '.functions.'
2025-07-26 13:49:01,530 INFO o.a.j.e.u.CompoundVariable: Note: Function class names must not contain the string: '.gui.'
2025-07-26 13:49:01,577 INFO o.a.j.r.ClassFinder: Will scan jar D:\JMeter Project\apache-jmeter-5.6.3\apache-jmeter-5.6.3\lib\ext\jmeter-plugins-graphs-additional-2.0.jar with filter ExtendsClassFilter [parents=[interface org.apache.jmeter.functions.Function], inner=false, contains=null, notContains=null]. Consider exposing JMeter plugins via META-INF/services, and add JMeter-Skip-Class-Scanning=true manifest attribute so JMeter can skip classfile scanning
2025-07-26 13:49:01,577 INFO o.a.j.r.ClassFinder: Will scan jar D:\JMeter Project\apache-jmeter-5.6.3\apache-jmeter-5.6.3\lib\ext\jmeter-plugins-graphs-basic-2.0.jar with filter ExtendsClassFilter [parents=[interface org.apache.jmeter.functions.Function], inner=false, contains=null, notContains=null]. Consider exposing JMeter plugins via META-INF/services, and add JMeter-Skip-Class-Scanning=true manifest attribute so JMeter can skip classfile scanning
2025-07-26 13:49:01,577 INFO o.a.j.r.ClassFinder: Will scan jar D:\JMeter Project\apache-jmeter-5.6.3\apache-jmeter-5.6.3\lib\ext\jmeter-plugins-manager-1.11.jar with filter ExtendsClassFilter [parents=[interface org.apache.jmeter.functions.Function], inner=false, contains=null, notContains=null]. Consider exposing JMeter plugins via META-INF/services, and add JMeter-Skip-Class-Scanning=true manifest attribute so JMeter can skip classfile scanning
2025-07-26 13:49:01,577 INFO o.a.j.r.ClassFinder: Will scan jar D:\JMeter Project\apache-jmeter-5.6.3\apache-jmeter-5.6.3\lib\ext\jmeter-plugins-graphs-ggl-2.0.jar with filter ExtendsClassFilter [parents=[interface org.apache.jmeter.functions.Function], inner=false, contains=null, notContains=null]. Consider exposing JMeter plugins via META-INF/services, and add JMeter-Skip-Class-Scanning=true manifest attribute so JMeter can skip classfile scanning
2025-07-26 13:49:01,577 INFO o.a.j.r.ClassFinder: Will scan jar D:\JMeter Project\apache-jmeter-5.6.3\apache-jmeter-5.6.3\lib\ext\jmeter-plugins-casutg-3.1.1.jar with filter ExtendsClassFilter [parents=[interface org.apache.jmeter.functions.Function], inner=false, contains=null, notContains=null]. Consider exposing JMeter plugins via META-INF/services, and add JMeter-Skip-Class-Scanning=true manifest attribute so JMeter can skip classfile scanning
2025-07-26 13:49:01,577 INFO o.a.j.r.ClassFinder: Will scan jar D:\JMeter Project\apache-jmeter-5.6.3\apache-jmeter-5.6.3\lib\ext\har-convertor-jmeter-plugin-7.1-jar-with-dependencies.jar with filter ExtendsClassFilter [parents=[interface org.apache.jmeter.functions.Function], inner=false, contains=null, notContains=null]. Consider exposing JMeter plugins via META-INF/services, and add JMeter-Skip-Class-Scanning=true manifest attribute so JMeter can skip classfile scanning
2025-07-26 13:49:01,593 INFO o.a.j.r.ClassFinder: Will scan jar D:\JMeter Project\apache-jmeter-5.6.3\apache-jmeter-5.6.3\lib\ext\jmeter-plugins-cmd-2.2.jar with filter ExtendsClassFilter [parents=[interface org.apache.jmeter.functions.Function], inner=false, contains=null, notContains=null]. Consider exposing JMeter plugins via META-INF/services, and add JMeter-Skip-Class-Scanning=true manifest attribute so JMeter can skip classfile scanning
2025-07-26 13:49:03,315 INFO o.a.j.s.SampleResult: Note: Sample TimeStamps are START times
2025-07-26 13:49:03,315 INFO o.a.j.s.SampleResult: sampleresult.default.encoding is set to UTF-8
2025-07-26 13:49:03,315 INFO o.a.j.s.SampleResult: sampleresult.useNanoTime=true
2025-07-26 13:49:03,315 INFO o.a.j.s.SampleResult: sampleresult.nanoThreadSleep=5000
2025-07-26 13:49:03,378 INFO o.a.j.r.ClassFinder: Will scan jar D:\JMeter Project\apache-jmeter-5.6.3\apache-jmeter-5.6.3\lib\ext\jmeter-plugins-graphs-additional-2.0.jar with filter ExtendsClassFilter [parents=[interface org.apache.jmeter.visualizers.ResultRenderer], inner=false, contains=null, notContains=null]. Consider exposing JMeter plugins via META-INF/services, and add JMeter-Skip-Class-Scanning=true manifest attribute so JMeter can skip classfile scanning
2025-07-26 13:49:03,378 INFO o.a.j.r.ClassFinder: Will scan jar D:\JMeter Project\apache-jmeter-5.6.3\apache-jmeter-5.6.3\lib\ext\jmeter-plugins-graphs-basic-2.0.jar with filter ExtendsClassFilter [parents=[interface org.apache.jmeter.visualizers.ResultRenderer], inner=false, contains=null, notContains=null]. Consider exposing JMeter plugins via META-INF/services, and add JMeter-Skip-Class-Scanning=true manifest attribute so JMeter can skip classfile scanning
2025-07-26 13:49:03,378 INFO o.a.j.r.ClassFinder: Will scan jar D:\JMeter Project\apache-jmeter-5.6.3\apache-jmeter-5.6.3\lib\ext\jmeter-plugins-manager-1.11.jar with filter ExtendsClassFilter [parents=[interface org.apache.jmeter.visualizers.ResultRenderer], inner=false, contains=null, notContains=null]. Consider exposing JMeter plugins via META-INF/services, and add JMeter-Skip-Class-Scanning=true manifest attribute so JMeter can skip classfile scanning
2025-07-26 13:49:03,378 INFO o.a.j.r.ClassFinder: Will scan jar D:\JMeter Project\apache-jmeter-5.6.3\apache-jmeter-5.6.3\lib\ext\jmeter-plugins-graphs-ggl-2.0.jar with filter ExtendsClassFilter [parents=[interface org.apache.jmeter.visualizers.ResultRenderer], inner=false, contains=null, notContains=null]. Consider exposing JMeter plugins via META-INF/services, and add JMeter-Skip-Class-Scanning=true manifest attribute so JMeter can skip classfile scanning
2025-07-26 13:49:03,378 INFO o.a.j.r.ClassFinder: Will scan jar D:\JMeter Project\apache-jmeter-5.6.3\apache-jmeter-5.6.3\lib\ext\jmeter-plugins-casutg-3.1.1.jar with filter ExtendsClassFilter [parents=[interface org.apache.jmeter.visualizers.ResultRenderer], inner=false, contains=null, notContains=null]. Consider exposing JMeter plugins via META-INF/services, and add JMeter-Skip-Class-Scanning=true manifest attribute so JMeter can skip classfile scanning
2025-07-26 13:49:03,378 INFO o.a.j.r.ClassFinder: Will scan jar D:\JMeter Project\apache-jmeter-5.6.3\apache-jmeter-5.6.3\lib\ext\har-convertor-jmeter-plugin-7.1-jar-with-dependencies.jar with filter ExtendsClassFilter [parents=[interface org.apache.jmeter.visualizers.ResultRenderer], inner=false, contains=null, notContains=null]. Consider exposing JMeter plugins via META-INF/services, and add JMeter-Skip-Class-Scanning=true manifest attribute so JMeter can skip classfile scanning
2025-07-26 13:49:03,393 INFO o.a.j.r.ClassFinder: Will scan jar D:\JMeter Project\apache-jmeter-5.6.3\apache-jmeter-5.6.3\lib\ext\jmeter-plugins-cmd-2.2.jar with filter ExtendsClassFilter [parents=[interface org.apache.jmeter.visualizers.ResultRenderer], inner=false, contains=null, notContains=null]. Consider exposing JMeter plugins via META-INF/services, and add JMeter-Skip-Class-Scanning=true manifest attribute so JMeter can skip classfile scanning
2025-07-26 13:49:03,409 INFO o.a.j.r.ClassFinder: Will scan jar D:\JMeter Project\apache-jmeter-5.6.3\apache-jmeter-5.6.3\lib\ext\jmeter-plugins-graphs-additional-2.0.jar with filter ExtendsClassFilter [parents=[interface org.apache.jmeter.visualizers.RequestView], inner=false, contains=null, notContains=null]. Consider exposing JMeter plugins via META-INF/services, and add JMeter-Skip-Class-Scanning=true manifest attribute so JMeter can skip classfile scanning
2025-07-26 13:49:03,409 INFO o.a.j.r.ClassFinder: Will scan jar D:\JMeter Project\apache-jmeter-5.6.3\apache-jmeter-5.6.3\lib\ext\jmeter-plugins-graphs-basic-2.0.jar with filter ExtendsClassFilter [parents=[interface org.apache.jmeter.visualizers.RequestView], inner=false, contains=null, notContains=null]. Consider exposing JMeter plugins via META-INF/services, and add JMeter-Skip-Class-Scanning=true manifest attribute so JMeter can skip classfile scanning
2025-07-26 13:49:03,425 INFO o.a.j.r.ClassFinder: Will scan jar D:\JMeter Project\apache-jmeter-5.6.3\apache-jmeter-5.6.3\lib\ext\jmeter-plugins-manager-1.11.jar with filter ExtendsClassFilter [parents=[interface org.apache.jmeter.visualizers.RequestView], inner=false, contains=null, notContains=null]. Consider exposing JMeter plugins via META-INF/services, and add JMeter-Skip-Class-Scanning=true manifest attribute so JMeter can skip classfile scanning
2025-07-26 13:49:03,425 INFO o.a.j.r.ClassFinder: Will scan jar D:\JMeter Project\apache-jmeter-5.6.3\apache-jmeter-5.6.3\lib\ext\jmeter-plugins-graphs-ggl-2.0.jar with filter ExtendsClassFilter [parents=[interface org.apache.jmeter.visualizers.RequestView], inner=false, contains=null, notContains=null]. Consider exposing JMeter plugins via META-INF/services, and add JMeter-Skip-Class-Scanning=true manifest attribute so JMeter can skip classfile scanning
2025-07-26 13:49:03,425 INFO o.a.j.r.ClassFinder: Will scan jar D:\JMeter Project\apache-jmeter-5.6.3\apache-jmeter-5.6.3\lib\ext\jmeter-plugins-casutg-3.1.1.jar with filter ExtendsClassFilter [parents=[interface org.apache.jmeter.visualizers.RequestView], inner=false, contains=null, notContains=null]. Consider exposing JMeter plugins via META-INF/services, and add JMeter-Skip-Class-Scanning=true manifest attribute so JMeter can skip classfile scanning
2025-07-26 13:49:03,425 INFO o.a.j.r.ClassFinder: Will scan jar D:\JMeter Project\apache-jmeter-5.6.3\apache-jmeter-5.6.3\lib\ext\har-convertor-jmeter-plugin-7.1-jar-with-dependencies.jar with filter ExtendsClassFilter [parents=[interface org.apache.jmeter.visualizers.RequestView], inner=false, contains=null, notContains=null]. Consider exposing JMeter plugins via META-INF/services, and add JMeter-Skip-Class-Scanning=true manifest attribute so JMeter can skip classfile scanning
2025-07-26 13:49:03,425 INFO o.a.j.r.ClassFinder: Will scan jar D:\JMeter Project\apache-jmeter-5.6.3\apache-jmeter-5.6.3\lib\ext\jmeter-plugins-cmd-2.2.jar with filter ExtendsClassFilter [parents=[interface org.apache.jmeter.visualizers.RequestView], inner=false, contains=null, notContains=null]. Consider exposing JMeter plugins via META-INF/services, and add JMeter-Skip-Class-Scanning=true manifest attribute so JMeter can skip classfile scanning
2025-07-26 13:49:03,503 INFO o.a.j.r.ClassFinder: Will scan jar D:\JMeter Project\apache-jmeter-5.6.3\apache-jmeter-5.6.3\lib\ext\jmeter-plugins-graphs-additional-2.0.jar with filter ExtendsClassFilter [parents=[interface org.apache.jmeter.visualizers.ResultRenderer], inner=false, contains=null, notContains=null]. Consider exposing JMeter plugins via META-INF/services, and add JMeter-Skip-Class-Scanning=true manifest attribute so JMeter can skip classfile scanning
2025-07-26 13:49:03,503 INFO o.a.j.r.ClassFinder: Will scan jar D:\JMeter Project\apache-jmeter-5.6.3\apache-jmeter-5.6.3\lib\ext\jmeter-plugins-graphs-basic-2.0.jar with filter ExtendsClassFilter [parents=[interface org.apache.jmeter.visualizers.ResultRenderer], inner=false, contains=null, notContains=null]. Consider exposing JMeter plugins via META-INF/services, and add JMeter-Skip-Class-Scanning=true manifest attribute so JMeter can skip classfile scanning
2025-07-26 13:49:03,503 INFO o.a.j.r.ClassFinder: Will scan jar D:\JMeter Project\apache-jmeter-5.6.3\apache-jmeter-5.6.3\lib\ext\jmeter-plugins-manager-1.11.jar with filter ExtendsClassFilter [parents=[interface org.apache.jmeter.visualizers.ResultRenderer], inner=false, contains=null, notContains=null]. Consider exposing JMeter plugins via META-INF/services, and add JMeter-Skip-Class-Scanning=true manifest attribute so JMeter can skip classfile scanning
2025-07-26 13:49:03,518 INFO o.a.j.r.ClassFinder: Will scan jar D:\JMeter Project\apache-jmeter-5.6.3\apache-jmeter-5.6.3\lib\ext\jmeter-plugins-graphs-ggl-2.0.jar with filter ExtendsClassFilter [parents=[interface org.apache.jmeter.visualizers.ResultRenderer], inner=false, contains=null, notContains=null]. Consider exposing JMeter plugins via META-INF/services, and add JMeter-Skip-Class-Scanning=true manifest attribute so JMeter can skip classfile scanning
2025-07-26 13:49:03,518 INFO o.a.j.r.ClassFinder: Will scan jar D:\JMeter Project\apache-jmeter-5.6.3\apache-jmeter-5.6.3\lib\ext\jmeter-plugins-casutg-3.1.1.jar with filter ExtendsClassFilter [parents=[interface org.apache.jmeter.visualizers.ResultRenderer], inner=false, contains=null, notContains=null]. Consider exposing JMeter plugins via META-INF/services, and add JMeter-Skip-Class-Scanning=true manifest attribute so JMeter can skip classfile scanning
2025-07-26 13:49:03,518 INFO o.a.j.r.ClassFinder: Will scan jar D:\JMeter Project\apache-jmeter-5.6.3\apache-jmeter-5.6.3\lib\ext\har-convertor-jmeter-plugin-7.1-jar-with-dependencies.jar with filter ExtendsClassFilter [parents=[interface org.apache.jmeter.visualizers.ResultRenderer], inner=false, contains=null, notContains=null]. Consider exposing JMeter plugins via META-INF/services, and add JMeter-Skip-Class-Scanning=true manifest attribute so JMeter can skip classfile scanning
2025-07-26 13:49:03,518 INFO o.a.j.r.ClassFinder: Will scan jar D:\JMeter Project\apache-jmeter-5.6.3\apache-jmeter-5.6.3\lib\ext\jmeter-plugins-cmd-2.2.jar with filter ExtendsClassFilter [parents=[interface org.apache.jmeter.visualizers.ResultRenderer], inner=false, contains=null, notContains=null]. Consider exposing JMeter plugins via META-INF/services, and add JMeter-Skip-Class-Scanning=true manifest attribute so JMeter can skip classfile scanning
2025-07-26 13:49:03,534 INFO o.a.j.r.ClassFinder: Will scan jar D:\JMeter Project\apache-jmeter-5.6.3\apache-jmeter-5.6.3\lib\ext\jmeter-plugins-graphs-additional-2.0.jar with filter ExtendsClassFilter [parents=[interface org.apache.jmeter.visualizers.RequestView], inner=false, contains=null, notContains=null]. Consider exposing JMeter plugins via META-INF/services, and add JMeter-Skip-Class-Scanning=true manifest attribute so JMeter can skip classfile scanning
2025-07-26 13:49:03,549 INFO o.a.j.r.ClassFinder: Will scan jar D:\JMeter Project\apache-jmeter-5.6.3\apache-jmeter-5.6.3\lib\ext\jmeter-plugins-graphs-basic-2.0.jar with filter ExtendsClassFilter [parents=[interface org.apache.jmeter.visualizers.RequestView], inner=false, contains=null, notContains=null]. Consider exposing JMeter plugins via META-INF/services, and add JMeter-Skip-Class-Scanning=true manifest attribute so JMeter can skip classfile scanning
2025-07-26 13:49:03,549 INFO o.a.j.r.ClassFinder: Will scan jar D:\JMeter Project\apache-jmeter-5.6.3\apache-jmeter-5.6.3\lib\ext\jmeter-plugins-manager-1.11.jar with filter ExtendsClassFilter [parents=[interface org.apache.jmeter.visualizers.RequestView], inner=false, contains=null, notContains=null]. Consider exposing JMeter plugins via META-INF/services, and add JMeter-Skip-Class-Scanning=true manifest attribute so JMeter can skip classfile scanning
2025-07-26 13:49:03,549 INFO o.a.j.r.ClassFinder: Will scan jar D:\JMeter Project\apache-jmeter-5.6.3\apache-jmeter-5.6.3\lib\ext\jmeter-plugins-graphs-ggl-2.0.jar with filter ExtendsClassFilter [parents=[interface org.apache.jmeter.visualizers.RequestView], inner=false, contains=null, notContains=null]. Consider exposing JMeter plugins via META-INF/services, and add JMeter-Skip-Class-Scanning=true manifest attribute so JMeter can skip classfile scanning
2025-07-26 13:49:03,549 INFO o.a.j.r.ClassFinder: Will scan jar D:\JMeter Project\apache-jmeter-5.6.3\apache-jmeter-5.6.3\lib\ext\jmeter-plugins-casutg-3.1.1.jar with filter ExtendsClassFilter [parents=[interface org.apache.jmeter.visualizers.RequestView], inner=false, contains=null, notContains=null]. Consider exposing JMeter plugins via META-INF/services, and add JMeter-Skip-Class-Scanning=true manifest attribute so JMeter can skip classfile scanning
2025-07-26 13:49:03,549 INFO o.a.j.r.ClassFinder: Will scan jar D:\JMeter Project\apache-jmeter-5.6.3\apache-jmeter-5.6.3\lib\ext\har-convertor-jmeter-plugin-7.1-jar-with-dependencies.jar with filter ExtendsClassFilter [parents=[interface org.apache.jmeter.visualizers.RequestView], inner=false, contains=null, notContains=null]. Consider exposing JMeter plugins via META-INF/services, and add JMeter-Skip-Class-Scanning=true manifest attribute so JMeter can skip classfile scanning
2025-07-26 13:49:03,549 INFO o.a.j.r.ClassFinder: Will scan jar D:\JMeter Project\apache-jmeter-5.6.3\apache-jmeter-5.6.3\lib\ext\jmeter-plugins-cmd-2.2.jar with filter ExtendsClassFilter [parents=[interface org.apache.jmeter.visualizers.RequestView], inner=false, contains=null, notContains=null]. Consider exposing JMeter plugins via META-INF/services, and add JMeter-Skip-Class-Scanning=true manifest attribute so JMeter can skip classfile scanning
2025-07-26 13:49:03,784 INFO o.a.j.s.FileServer: Set new base='D:\JMeter Project\Test Scripts'
